{"error":{},"level":"error","message":"Falha ao obter posts "}
{"error":{},"level":"error","message":"Falha ao obter posts "}
{"error":{},"level":"error","message":"Falha ao obter posts "}
{"error":{},"level":"error","message":"Falha ao obter posts "}
{"error":{},"level":"error","message":"Falha ao obter posts "}
{"error":{},"level":"error","message":"Falha ao obter posts "}
{"error":{"clientVersion":"5.15.0","name":"PrismaClientValidationError"},"level":"error","message":"Falha ao obter posts "}
{"error":{"clientVersion":"5.15.0","name":"PrismaClientValidationError"},"level":"error","message":"Falha ao obter posts "}
{"error":{},"level":"error","message":"falha ao obter o post com o slug: ","slug":"sass-simplificando-o-s"}
{"error":{},"level":"error","message":"falha ao obter o post com o slug: ","slug":"sass-simplificando-o-csss"}
{"error":{"clientVersion":"5.15.0","name":"PrismaClientInitializationError"},"level":"error","message":"Falha ao obter posts "}
{"error":{"clientVersion":"5.15.0","name":"PrismaClientInitializationError"},"level":"error","message":"Falha ao obter posts "}
{"error":{"clientVersion":"5.15.0","name":"PrismaClientInitializationError"},"level":"error","message":"Falha ao obter posts "}
{"error":{"clientVersion":"5.15.0","name":"PrismaClientInitializationError"},"level":"error","message":"Falha ao obter posts "}
{"error":{"clientVersion":"5.15.0","name":"PrismaClientInitializationError"},"level":"error","message":"Falha ao obter posts "}
{"error":{"clientVersion":"5.15.0","name":"PrismaClientInitializationError"},"level":"error","message":"Falha ao obter posts "}
{"error":{},"level":"error","message":"Falha ao obter posts "}
{"error":{},"level":"error","message":"Falha ao obter posts "}
{"error":{"clientVersion":"5.15.0","name":"PrismaClientUnknownRequestError"},"level":"error","message":"Falha ao obter o post com o slug: ","slug":"explorando-flexbox-no-css"}
{"error":{"clientVersion":"5.15.0","name":"PrismaClientUnknownRequestError"},"level":"error","message":"Falha ao obter o post com o slug: ","slug":"explorando-flexbox-no-css"}
{"error":{"clientVersion":"5.15.0","name":"PrismaClientUnknownRequestError"},"level":"error","message":"Falha ao obter o post com o slug: ","slug":"explorando-flexbox-no-css"}
{"error":{"clientVersion":"5.15.0","name":"PrismaClientUnknownRequestError"},"level":"error","message":"Falha ao obter o post com o slug: ","slug":"construindo-spa-com-vuejs"}
{"error":{"clientVersion":"5.15.0","name":"PrismaClientUnknownRequestError"},"level":"error","message":"Falha ao obter o post com o slug: ","slug":"explorando-flexbox-no-css"}
{"error":{"clientVersion":"5.15.0","name":"PrismaClientUnknownRequestError"},"level":"error","message":"Falha ao obter o post com o slug: ","slug":"explorando-flexbox-no-css"}
